<?xml version="1.0" encoding="UTF-8"?>
<!-- Generated by org.testng.reporters.JUnitXMLReporter -->
<testsuite ignored="0" hostname="Mani" failures="0" tests="3" name="readExcel Test" time="24.982" errors="0" timestamp="17 Nov 2023 02:33:23 GMT">
  <testcase classname="testNGWithKoushit.LearnDataProvider" name="login" time="9.709"/>
  <testcase classname="testNGWithKoushit.LearnDataProvider" name="login" time="7.74"/>
  <testcase classname="testNGWithKoushit.LearnDataProvider" name="login" time="6.548"/>
</testsuite> <!-- readExcel Test -->
