<?xml version="1.0" encoding="UTF-8"?>
<!-- Generated by org.testng.reporters.JUnitXMLReporter -->
<testsuite ignored="0" hostname="Mani" failures="0" tests="4" name="Test 1" time="15.886" errors="0" timestamp="03 Nov 2023 22:20:36 GMT">
  <testcase classname="practiceTestNG.TestNG_Parallel1" name="testInChrome" time="6.666"/>
  <testcase classname="practiceTestNG.TestNG_Parallel2" name="testInChrome" time="6.82"/>
  <testcase classname="practiceTestNG.TestNG_Parallel2" name="testInEdge" time="7.682"/>
  <testcase classname="practiceTestNG.TestNG_Parallel1" name="testInEdge" time="9.199"/>
</testsuite> <!-- Test 1 -->
