<?xml version="1.0" encoding="UTF-8"?>
<!-- Generated by org.testng.reporters.JUnitXMLReporter -->
<testsuite ignored="0" hostname="Mani" failures="1" tests="1" name="dataproviderTest" time="0.023" errors="0" timestamp="16 Nov 2023 03:05:44 GMT">
  <testcase classname="testNGWithKoushit.LearnDataProvider" name="login" time="0.01">
    <failure type="org.testng.internal.reflect.MethodMatcherException" message="
Data provider mismatch
Method: login([Parameter{index=0, type=java.lang.String, declaredAnnotations=[]}, Parameter{index=1, type=java.lang.String, declaredAnnotations=[]}, Parameter{index=2, type=java.lang.String, declaredAnnotations=[]}])
Arguments: [(java.lang.String)Manikandan_9479@yahoo.com,(java.lang.String)Thusday!123]">
      <![CDATA[org.testng.internal.reflect.MethodMatcherException: 
Data provider mismatch
Method: login([Parameter{index=0, type=java.lang.String, declaredAnnotations=[]}, Parameter{index=1, type=java.lang.String, declaredAnnotations=[]}, Parameter{index=2, type=java.lang.String, declaredAnnotations=[]}])
Arguments: [(java.lang.String)Manikandan_9479@yahoo.com,(java.lang.String)Thusday!123]
... Removed 20 stack frames]]>
    </failure>
  </testcase> <!-- login -->
</testsuite> <!-- dataproviderTest -->
