<?xml version="1.0" encoding="UTF-8"?>
<!-- Generated by org.testng.reporters.JUnitXMLReporter -->
<testsuite ignored="0" hostname="Mani" failures="0" tests="5" name="groupAttributes" time="0.082" errors="0" timestamp="09 Nov 2023 19:29:26 GMT">
  <testcase classname="testNGWithKoushit.LearnGroups" name="addToCart" time="0.02"/>
  <testcase classname="testNGWithKoushit.LearnGroups" name="logIn" time="0.002"/>
  <testcase classname="testNGWithKoushit.LearnGroups" name="logOut" time="0.002"/>
  <testcase classname="testNGWithKoushit.LearnGroups" name="searchProduct" time="0.002"/>
  <testcase classname="testNGWithKoushit.LearnGroups" name="signUp" time="0.002"/>
</testsuite> <!-- groupAttributes -->
