<?xml version="1.0" encoding="UTF-8"?>
<!-- Generated by org.testng.reporters.JUnitXMLReporter -->
<testsuite ignored="0" hostname="Mani" failures="0" tests="3" name="letCode" time="17.132" errors="0" timestamp="08 Nov 2023 23:01:05 GMT">
  <testcase classname="testNGWithKoushit.LearnFindElements" name="test1" time="9.673"/>
  <testcase classname="testNGWithKoushit.LearnWindowHandling" name="windowHandles" time="12.44"/>
  <testcase classname="testNGWithKoushit.LearnFindElements" name="test2" time="7.434"/>
</testsuite> <!-- letCode -->
