<?xml version="1.0" encoding="UTF-8"?>
<testng-results ignored="0" total="2" passed="2" failed="0" skipped="0">
  <reporter-output>
  </reporter-output>
  <suite started-at="2023-11-20T19:30:49Z" name="Default suite" finished-at="2023-11-20T19:31:07Z" duration-ms="18195">
    <groups>
    </groups>
    <test started-at="2023-11-20T19:30:49Z" name="Default test" finished-at="2023-11-20T19:31:07Z" duration-ms="18195">
      <class name="testNGWithKoushit.LearnFindElements">
        <test-method signature="test1()[pri:0, instance:testNGWithKoushit.LearnFindElements@a4add54]" started-at="2023-11-20T13:30:49Z" name="test1" finished-at="2023-11-20T13:31:01Z" duration-ms="11856" status="PASS">
          <reporter-output>
          </reporter-output>
        </test-method> <!-- test1 -->
        <test-method signature="test2()[pri:0, instance:testNGWithKoushit.LearnFindElements@a4add54]" started-at="2023-11-20T13:31:01Z" name="test2" finished-at="2023-11-20T13:31:07Z" duration-ms="6313" status="PASS">
          <reporter-output>
          </reporter-output>
        </test-method> <!-- test2 -->
      </class> <!-- testNGWithKoushit.LearnFindElements -->
    </test> <!-- Default test -->
  </suite> <!-- Default suite -->
</testng-results>
