<?xml version="1.0" encoding="UTF-8"?>
<!-- Generated by org.testng.reporters.JUnitXMLReporter -->
<testsuite ignored="0" hostname="Mani" failures="0" tests="4" name=" Test case" time="17.157" errors="0" timestamp="01 Nov 2023 23:15:13 GMT">
  <testcase classname="practiceTestNG.CheapOAirMultiTestsParameters" name="testMethod1" time="0.008"/>
  <testcase classname="practiceTestNG.CheapOAirMultiTestsParameters" name="logoTest" time="0.471"/>
  <testcase classname="practiceTestNG.CheapOAirMultiTestsParameters" name="homePageTest" time="0.47"/>
  <testcase classname="practiceTestNG.CheapOAirMultiTestsParameters" name="flightsSearchHomePageTest" time="1.064"/>
</testsuite> <!--  Test case -->
