<?xml version="1.0" encoding="UTF-8"?>
<!-- Generated by org.testng.reporters.JUnitXMLReporter -->
<testsuite ignored="0" hostname="Mani" failures="0" tests="3" name="All Test Suite" time="11.905" errors="0" timestamp="31 Oct 2023 02:30:01 GMT">
  <testcase classname="practiceTestNG.CheapOAirMultiTestsParameters" name="logoTest" time="0.055"/>
  <testcase classname="practiceTestNG.CheapOAirMultiTestsParameters" name="homePageTest" time="0.653"/>
  <testcase classname="practiceTestNG.CheapOAirMultiTestsParameters" name="flightsSearchHomePageTest" time="1.117"/>
</testsuite> <!-- All Test Suite -->
