<?xml version="1.0" encoding="UTF-8"?>
<!-- Generated by org.testng.reporters.JUnitXMLReporter -->
<testsuite ignored="1" hostname="Mani" failures="0" tests="4" name="groupAttributes" time="0.047" errors="0" timestamp="09 Nov 2023 21:06:19 GMT">
  <testcase classname="testNGWithKoushit.LearnGroups" name="addToCart" time="0.011"/>
  <testcase classname="testNGWithKoushit.LearnGroups" name="logOut" time="0.001"/>
  <testcase classname="testNGWithKoushit.LearnGroups" name="searchProduct" time="0.003"/>
  <testcase classname="testNGWithKoushit.LearnGroups" name="signUp" time="0.001"/>
  <testcase classname="testNGWithKoushit.LearnGroups" name="logIn" time="0.0">
    <ignored/>
  </testcase> <!-- logIn -->
</testsuite> <!-- groupAttributes -->
